        -:    0:Source:teste_velha.cpp
        -:    0:Graph:teste_velha.gcno
        -:    0:Data:teste_velha.gcda
        -:    0:Runs:1
        -:    1://testes com gtest
        -:    2:#include "gtest/gtest.h"
        -:    3:#include "velha.hpp"
        -:    4:
        4:    5:TEST(VerificarJogoTest, RegrasVioladasPorJogadorX) {
        1:    6:    jogoVelha violado_x = {
        -:    7:        {1, 1, 1},
        -:    8:        {1, 1, 1},
        -:    9:        {1, 1, 1}
        -:   10:    };
        1:   11:    int resultado = verificar_jogo(violado_x);
        -:   12:
       1*:   13:    ASSERT_EQ(resultado, -2);
        -:   14:}
------------------
_ZN48VerificarJogoTest_RegrasVioladasPorJogadorX_TestC2Ev:
        1:    5:TEST(VerificarJogoTest, RegrasVioladasPorJogadorX) {
------------------
_ZN48VerificarJogoTest_RegrasVioladasPorJogadorX_TestD0Ev:
        1:    5:TEST(VerificarJogoTest, RegrasVioladasPorJogadorX) {
------------------
_ZN48VerificarJogoTest_RegrasVioladasPorJogadorX_TestD2Ev:
        1:    5:TEST(VerificarJogoTest, RegrasVioladasPorJogadorX) {
------------------
_ZN48VerificarJogoTest_RegrasVioladasPorJogadorX_Test8TestBodyEv:
        1:    5:TEST(VerificarJogoTest, RegrasVioladasPorJogadorX) {
        1:    6:    jogoVelha violado_x = {
        -:    7:        {1, 1, 1},
        -:    8:        {1, 1, 1},
        -:    9:        {1, 1, 1}
        -:   10:    };
        1:   11:    int resultado = verificar_jogo(violado_x);
        -:   12:
       1*:   13:    ASSERT_EQ(resultado, -2);
        -:   14:}
------------------
        -:   15:
        4:   16:TEST(VerificarJogoTest, RegrasVioladasPorJogadorO) {
        1:   17:    jogoVelha violado_o = {
        -:   18:        {2, 2, 2},
        -:   19:        {2, 2, 2},
        -:   20:        {2, 2, 2}
        -:   21:    };
        1:   22:    int resultado = verificar_jogo(violado_o);
        -:   23:
       1*:   24:    ASSERT_EQ(resultado, -2);
        -:   25:}
------------------
_ZN48VerificarJogoTest_RegrasVioladasPorJogadorO_TestC2Ev:
        1:   16:TEST(VerificarJogoTest, RegrasVioladasPorJogadorO) {
------------------
_ZN48VerificarJogoTest_RegrasVioladasPorJogadorO_TestD0Ev:
        1:   16:TEST(VerificarJogoTest, RegrasVioladasPorJogadorO) {
------------------
_ZN48VerificarJogoTest_RegrasVioladasPorJogadorO_TestD2Ev:
        1:   16:TEST(VerificarJogoTest, RegrasVioladasPorJogadorO) {
------------------
_ZN48VerificarJogoTest_RegrasVioladasPorJogadorO_Test8TestBodyEv:
        1:   16:TEST(VerificarJogoTest, RegrasVioladasPorJogadorO) {
        1:   17:    jogoVelha violado_o = {
        -:   18:        {2, 2, 2},
        -:   19:        {2, 2, 2},
        -:   20:        {2, 2, 2}
        -:   21:    };
        1:   22:    int resultado = verificar_jogo(violado_o);
        -:   23:
       1*:   24:    ASSERT_EQ(resultado, -2);
        -:   25:}
------------------
        -:   26:
        4:   27:TEST(VerificarJogoTest, O_MaiorQueX) {
        1:   28:    jogoVelha o_maior = {
        -:   29:        {2, 2, 1},
        -:   30:        {2, 2, 1},
        -:   31:        {1, 1, 2}
        -:   32:    };
        1:   33:    int resultado = verificar_jogo(o_maior);
        -:   34:
       1*:   35:    ASSERT_EQ(resultado, -2);
        -:   36:}
------------------
_ZN34VerificarJogoTest_O_MaiorQueX_TestC2Ev:
        1:   27:TEST(VerificarJogoTest, O_MaiorQueX) {
------------------
_ZN34VerificarJogoTest_O_MaiorQueX_TestD0Ev:
        1:   27:TEST(VerificarJogoTest, O_MaiorQueX) {
------------------
_ZN34VerificarJogoTest_O_MaiorQueX_TestD2Ev:
        1:   27:TEST(VerificarJogoTest, O_MaiorQueX) {
------------------
_ZN34VerificarJogoTest_O_MaiorQueX_Test8TestBodyEv:
        1:   27:TEST(VerificarJogoTest, O_MaiorQueX) {
        1:   28:    jogoVelha o_maior = {
        -:   29:        {2, 2, 1},
        -:   30:        {2, 2, 1},
        -:   31:        {1, 1, 2}
        -:   32:    };
        1:   33:    int resultado = verificar_jogo(o_maior);
        -:   34:
       1*:   35:    ASSERT_EQ(resultado, -2);
        -:   36:}
------------------
        -:   37:
        4:   38:TEST(VerificarJogoTest, DiferencaAbsoluta) {
        1:   39:    jogoVelha dif_abs = {
        -:   40:        {2, 1, 2},
        -:   41:        {0, 0, 0},
        -:   42:        {2, 1, 2}
        -:   43:    };
        1:   44:    int resultado = verificar_jogo(dif_abs);
        -:   45:
       1*:   46:    ASSERT_EQ(resultado, -2);
        -:   47:}
------------------
_ZN40VerificarJogoTest_DiferencaAbsoluta_TestC2Ev:
        1:   38:TEST(VerificarJogoTest, DiferencaAbsoluta) {
------------------
_ZN40VerificarJogoTest_DiferencaAbsoluta_TestD0Ev:
        1:   38:TEST(VerificarJogoTest, DiferencaAbsoluta) {
------------------
_ZN40VerificarJogoTest_DiferencaAbsoluta_TestD2Ev:
        1:   38:TEST(VerificarJogoTest, DiferencaAbsoluta) {
------------------
_ZN40VerificarJogoTest_DiferencaAbsoluta_Test8TestBodyEv:
        1:   38:TEST(VerificarJogoTest, DiferencaAbsoluta) {
        1:   39:    jogoVelha dif_abs = {
        -:   40:        {2, 1, 2},
        -:   41:        {0, 0, 0},
        -:   42:        {2, 1, 2}
        -:   43:    };
        1:   44:    int resultado = verificar_jogo(dif_abs);
        -:   45:
       1*:   46:    ASSERT_EQ(resultado, -2);
        -:   47:}
------------------
        -:   48:
        4:   49:TEST(VerificarJogoTest, Empate1) {
        1:   50:    jogoVelha empate1 = {
        -:   51:        {2, 1, 2},
        -:   52:        {2, 1, 1},
        -:   53:        {1, 2, 1}
        -:   54:    };
        1:   55:    int resultado = verificar_jogo(empate1);
        -:   56:
       1*:   57:    ASSERT_EQ(resultado, 0);
        -:   58:}
------------------
_ZN30VerificarJogoTest_Empate1_TestC2Ev:
        1:   49:TEST(VerificarJogoTest, Empate1) {
------------------
_ZN30VerificarJogoTest_Empate1_TestD0Ev:
        1:   49:TEST(VerificarJogoTest, Empate1) {
------------------
_ZN30VerificarJogoTest_Empate1_TestD2Ev:
        1:   49:TEST(VerificarJogoTest, Empate1) {
------------------
_ZN30VerificarJogoTest_Empate1_Test8TestBodyEv:
        1:   49:TEST(VerificarJogoTest, Empate1) {
        1:   50:    jogoVelha empate1 = {
        -:   51:        {2, 1, 2},
        -:   52:        {2, 1, 1},
        -:   53:        {1, 2, 1}
        -:   54:    };
        1:   55:    int resultado = verificar_jogo(empate1);
        -:   56:
       1*:   57:    ASSERT_EQ(resultado, 0);
        -:   58:}
------------------
        -:   59:
        4:   60:TEST(VerificarJogoTest, Empate2) {
        1:   61:    jogoVelha empate2 = {
        -:   62:        {1, 2, 2},
        -:   63:        {2, 1, 1},
        -:   64:        {1, 1, 2}
        -:   65:    };
        1:   66:    int resultado = verificar_jogo(empate2);
        -:   67:
       1*:   68:    ASSERT_EQ(resultado, 0);
        -:   69:}
------------------
_ZN30VerificarJogoTest_Empate2_TestC2Ev:
        1:   60:TEST(VerificarJogoTest, Empate2) {
------------------
_ZN30VerificarJogoTest_Empate2_TestD0Ev:
        1:   60:TEST(VerificarJogoTest, Empate2) {
------------------
_ZN30VerificarJogoTest_Empate2_TestD2Ev:
        1:   60:TEST(VerificarJogoTest, Empate2) {
------------------
_ZN30VerificarJogoTest_Empate2_Test8TestBodyEv:
        1:   60:TEST(VerificarJogoTest, Empate2) {
        1:   61:    jogoVelha empate2 = {
        -:   62:        {1, 2, 2},
        -:   63:        {2, 1, 1},
        -:   64:        {1, 1, 2}
        -:   65:    };
        1:   66:    int resultado = verificar_jogo(empate2);
        -:   67:
       1*:   68:    ASSERT_EQ(resultado, 0);
        -:   69:}
------------------
        -:   70:
        4:   71:TEST(VerificarJogoTest, XGanhaDiagonal) {
        1:   72:    jogoVelha xganha1 = {
        -:   73:        {1, 2, 0},
        -:   74:        {2, 1, 0},
        -:   75:        {0, 0, 1}
        -:   76:    };
        1:   77:    int resultado = verificar_jogo(xganha1);
        -:   78:
       1*:   79:    ASSERT_EQ(resultado, 1);
        -:   80:}
------------------
_ZN37VerificarJogoTest_XGanhaDiagonal_TestC2Ev:
        1:   71:TEST(VerificarJogoTest, XGanhaDiagonal) {
------------------
_ZN37VerificarJogoTest_XGanhaDiagonal_TestD0Ev:
        1:   71:TEST(VerificarJogoTest, XGanhaDiagonal) {
------------------
_ZN37VerificarJogoTest_XGanhaDiagonal_TestD2Ev:
        1:   71:TEST(VerificarJogoTest, XGanhaDiagonal) {
------------------
_ZN37VerificarJogoTest_XGanhaDiagonal_Test8TestBodyEv:
        1:   71:TEST(VerificarJogoTest, XGanhaDiagonal) {
        1:   72:    jogoVelha xganha1 = {
        -:   73:        {1, 2, 0},
        -:   74:        {2, 1, 0},
        -:   75:        {0, 0, 1}
        -:   76:    };
        1:   77:    int resultado = verificar_jogo(xganha1);
        -:   78:
       1*:   79:    ASSERT_EQ(resultado, 1);
        -:   80:}
------------------
        -:   81:
        4:   82:TEST(VerificarJogoTest, XGanhaDiagonal2) {
        1:   83:    jogoVelha xganha2 = {
        -:   84:        {2, 2, 1},
        -:   85:        {2, 1, 0},
        -:   86:        {1, 0, 1}
        -:   87:    };
        1:   88:    int resultado = verificar_jogo(xganha2);
        -:   89:
       1*:   90:    ASSERT_EQ(resultado, 1);
        -:   91:}
------------------
_ZN38VerificarJogoTest_XGanhaDiagonal2_TestC2Ev:
        1:   82:TEST(VerificarJogoTest, XGanhaDiagonal2) {
------------------
_ZN38VerificarJogoTest_XGanhaDiagonal2_TestD0Ev:
        1:   82:TEST(VerificarJogoTest, XGanhaDiagonal2) {
------------------
_ZN38VerificarJogoTest_XGanhaDiagonal2_TestD2Ev:
        1:   82:TEST(VerificarJogoTest, XGanhaDiagonal2) {
------------------
_ZN38VerificarJogoTest_XGanhaDiagonal2_Test8TestBodyEv:
        1:   82:TEST(VerificarJogoTest, XGanhaDiagonal2) {
        1:   83:    jogoVelha xganha2 = {
        -:   84:        {2, 2, 1},
        -:   85:        {2, 1, 0},
        -:   86:        {1, 0, 1}
        -:   87:    };
        1:   88:    int resultado = verificar_jogo(xganha2);
        -:   89:
       1*:   90:    ASSERT_EQ(resultado, 1);
        -:   91:}
------------------
        -:   92:
        4:   93:TEST(VerificarJogoTest, OGanhaDiagonal) {
        1:   94:    jogoVelha oganha1 = {
        -:   95:        {2, 1, 1},
        -:   96:        {1, 2, 1},
        -:   97:        {0, 0, 2}
        -:   98:    };
        1:   99:    int resultado = verificar_jogo(oganha1);
        -:  100:
       1*:  101:    ASSERT_EQ(resultado, 2);
        -:  102:}
------------------
_ZN37VerificarJogoTest_OGanhaDiagonal_TestC2Ev:
        1:   93:TEST(VerificarJogoTest, OGanhaDiagonal) {
------------------
_ZN37VerificarJogoTest_OGanhaDiagonal_TestD0Ev:
        1:   93:TEST(VerificarJogoTest, OGanhaDiagonal) {
------------------
_ZN37VerificarJogoTest_OGanhaDiagonal_TestD2Ev:
        1:   93:TEST(VerificarJogoTest, OGanhaDiagonal) {
------------------
_ZN37VerificarJogoTest_OGanhaDiagonal_Test8TestBodyEv:
        1:   93:TEST(VerificarJogoTest, OGanhaDiagonal) {
        1:   94:    jogoVelha oganha1 = {
        -:   95:        {2, 1, 1},
        -:   96:        {1, 2, 1},
        -:   97:        {0, 0, 2}
        -:   98:    };
        1:   99:    int resultado = verificar_jogo(oganha1);
        -:  100:
       1*:  101:    ASSERT_EQ(resultado, 2);
        -:  102:}
------------------
        -:  103:
        4:  104:TEST(VerificarJogoTest, OGanhaDiagonal2) {
        1:  105:    jogoVelha oganha2 = {
        -:  106:        {1, 1, 2},
        -:  107:        {1, 2, 0},
        -:  108:        {2, 0, 1}
        -:  109:    };
        1:  110:    int resultado = verificar_jogo(oganha2);
        -:  111:
       1*:  112:    ASSERT_EQ(resultado, 2);
        -:  113:}
------------------
_ZN38VerificarJogoTest_OGanhaDiagonal2_TestC2Ev:
        1:  104:TEST(VerificarJogoTest, OGanhaDiagonal2) {
------------------
_ZN38VerificarJogoTest_OGanhaDiagonal2_TestD0Ev:
        1:  104:TEST(VerificarJogoTest, OGanhaDiagonal2) {
------------------
_ZN38VerificarJogoTest_OGanhaDiagonal2_TestD2Ev:
        1:  104:TEST(VerificarJogoTest, OGanhaDiagonal2) {
------------------
_ZN38VerificarJogoTest_OGanhaDiagonal2_Test8TestBodyEv:
        1:  104:TEST(VerificarJogoTest, OGanhaDiagonal2) {
        1:  105:    jogoVelha oganha2 = {
        -:  106:        {1, 1, 2},
        -:  107:        {1, 2, 0},
        -:  108:        {2, 0, 1}
        -:  109:    };
        1:  110:    int resultado = verificar_jogo(oganha2);
        -:  111:
       1*:  112:    ASSERT_EQ(resultado, 2);
        -:  113:}
------------------
        -:  114:
        4:  115:TEST(VerificarJogoTest, XGanhaLinha1) {
        1:  116:    jogoVelha xganhaL1 = {
        -:  117:        {1, 1, 1},
        -:  118:        {0, 2, 2},
        -:  119:        {0, 0, 0}
        -:  120:    };
        1:  121:    int resultado = verificar_jogo(xganhaL1);
        -:  122:
       1*:  123:    ASSERT_EQ(resultado, 1);
        -:  124:}
------------------
_ZN35VerificarJogoTest_XGanhaLinha1_TestC2Ev:
        1:  115:TEST(VerificarJogoTest, XGanhaLinha1) {
------------------
_ZN35VerificarJogoTest_XGanhaLinha1_TestD0Ev:
        1:  115:TEST(VerificarJogoTest, XGanhaLinha1) {
------------------
_ZN35VerificarJogoTest_XGanhaLinha1_TestD2Ev:
        1:  115:TEST(VerificarJogoTest, XGanhaLinha1) {
------------------
_ZN35VerificarJogoTest_XGanhaLinha1_Test8TestBodyEv:
        1:  115:TEST(VerificarJogoTest, XGanhaLinha1) {
        1:  116:    jogoVelha xganhaL1 = {
        -:  117:        {1, 1, 1},
        -:  118:        {0, 2, 2},
        -:  119:        {0, 0, 0}
        -:  120:    };
        1:  121:    int resultado = verificar_jogo(xganhaL1);
        -:  122:
       1*:  123:    ASSERT_EQ(resultado, 1);
        -:  124:}
------------------
        -:  125:
        4:  126:TEST(VerificarJogoTest, XGanhaColuna1) {
        1:  127:    jogoVelha xganhaC1 = {
        -:  128:        {1, 1, 2},
        -:  129:        {0, 1, 2},
        -:  130:        {2, 1, 0}
        -:  131:    };
        1:  132:    int resultado = verificar_jogo(xganhaC1);
        -:  133:
       1*:  134:    ASSERT_EQ(resultado, 1);
        -:  135:}
------------------
_ZN36VerificarJogoTest_XGanhaColuna1_TestC2Ev:
        1:  126:TEST(VerificarJogoTest, XGanhaColuna1) {
------------------
_ZN36VerificarJogoTest_XGanhaColuna1_TestD0Ev:
        1:  126:TEST(VerificarJogoTest, XGanhaColuna1) {
------------------
_ZN36VerificarJogoTest_XGanhaColuna1_TestD2Ev:
        1:  126:TEST(VerificarJogoTest, XGanhaColuna1) {
------------------
_ZN36VerificarJogoTest_XGanhaColuna1_Test8TestBodyEv:
        1:  126:TEST(VerificarJogoTest, XGanhaColuna1) {
        1:  127:    jogoVelha xganhaC1 = {
        -:  128:        {1, 1, 2},
        -:  129:        {0, 1, 2},
        -:  130:        {2, 1, 0}
        -:  131:    };
        1:  132:    int resultado = verificar_jogo(xganhaC1);
        -:  133:
       1*:  134:    ASSERT_EQ(resultado, 1);
        -:  135:}
------------------
        -:  136:
        4:  137:TEST(VerificarJogoTest, OGanhaLinha3) {
        1:  138:    jogoVelha oganhaL3 = {
        -:  139:        {1, 0, 1},
        -:  140:        {0, 1, 1},
        -:  141:        {2, 2, 2}
        -:  142:    };
        1:  143:    int resultado = verificar_jogo(oganhaL3);
        -:  144:
       1*:  145:    ASSERT_EQ(resultado, 2);
        -:  146:}
------------------
_ZN35VerificarJogoTest_OGanhaLinha3_TestC2Ev:
        1:  137:TEST(VerificarJogoTest, OGanhaLinha3) {
------------------
_ZN35VerificarJogoTest_OGanhaLinha3_TestD0Ev:
        1:  137:TEST(VerificarJogoTest, OGanhaLinha3) {
------------------
_ZN35VerificarJogoTest_OGanhaLinha3_TestD2Ev:
        1:  137:TEST(VerificarJogoTest, OGanhaLinha3) {
------------------
_ZN35VerificarJogoTest_OGanhaLinha3_Test8TestBodyEv:
        1:  137:TEST(VerificarJogoTest, OGanhaLinha3) {
        1:  138:    jogoVelha oganhaL3 = {
        -:  139:        {1, 0, 1},
        -:  140:        {0, 1, 1},
        -:  141:        {2, 2, 2}
        -:  142:    };
        1:  143:    int resultado = verificar_jogo(oganhaL3);
        -:  144:
       1*:  145:    ASSERT_EQ(resultado, 2);
        -:  146:}
------------------
        -:  147:
        4:  148:TEST(VerificarJogoTest, OGanhaColuna3) {
        1:  149:    jogoVelha oganhaC3 = {
        -:  150:        {1, 0, 2},
        -:  151:        {0, 1, 2},
        -:  152:        {1, 1, 2}
        -:  153:    };
        1:  154:    int resultado = verificar_jogo(oganhaC3);
        -:  155:
       1*:  156:    ASSERT_EQ(resultado, 2);
        -:  157:}
------------------
_ZN36VerificarJogoTest_OGanhaColuna3_TestC2Ev:
        1:  148:TEST(VerificarJogoTest, OGanhaColuna3) {
------------------
_ZN36VerificarJogoTest_OGanhaColuna3_TestD0Ev:
        1:  148:TEST(VerificarJogoTest, OGanhaColuna3) {
------------------
_ZN36VerificarJogoTest_OGanhaColuna3_TestD2Ev:
        1:  148:TEST(VerificarJogoTest, OGanhaColuna3) {
------------------
_ZN36VerificarJogoTest_OGanhaColuna3_Test8TestBodyEv:
        1:  148:TEST(VerificarJogoTest, OGanhaColuna3) {
        1:  149:    jogoVelha oganhaC3 = {
        -:  150:        {1, 0, 2},
        -:  151:        {0, 1, 2},
        -:  152:        {1, 1, 2}
        -:  153:    };
        1:  154:    int resultado = verificar_jogo(oganhaC3);
        -:  155:
       1*:  156:    ASSERT_EQ(resultado, 2);
        -:  157:}
------------------
        -:  158:
        4:  159:TEST(VerificarJogoTest, EmAndamento) {
        1:  160:    jogoVelha andamento1 = {
        -:  161:        {1, 0, 2},
        -:  162:        {0, 0, 0},
        -:  163:        {0, 0, 0}
        -:  164:    };
        1:  165:    int resultado = verificar_jogo(andamento1);
        -:  166:
       1*:  167:    ASSERT_EQ(resultado, -1);
        -:  168:}
------------------
_ZN34VerificarJogoTest_EmAndamento_TestC2Ev:
        1:  159:TEST(VerificarJogoTest, EmAndamento) {
------------------
_ZN34VerificarJogoTest_EmAndamento_TestD0Ev:
        1:  159:TEST(VerificarJogoTest, EmAndamento) {
------------------
_ZN34VerificarJogoTest_EmAndamento_TestD2Ev:
        1:  159:TEST(VerificarJogoTest, EmAndamento) {
------------------
_ZN34VerificarJogoTest_EmAndamento_Test8TestBodyEv:
        1:  159:TEST(VerificarJogoTest, EmAndamento) {
        1:  160:    jogoVelha andamento1 = {
        -:  161:        {1, 0, 2},
        -:  162:        {0, 0, 0},
        -:  163:        {0, 0, 0}
        -:  164:    };
        1:  165:    int resultado = verificar_jogo(andamento1);
        -:  166:
       1*:  167:    ASSERT_EQ(resultado, -1);
        -:  168:}
------------------
        -:  169:
        4:  170:TEST(VerificarJogoTest, EmAndamento2) {
        1:  171:    jogoVelha andamento2 = {
        -:  172:        {1, 0, 2},
        -:  173:        {0, 2, 1},
        -:  174:        {0, 0, 1}
        -:  175:    };
        1:  176:    int resultado = verificar_jogo(andamento2);
        -:  177:
       1*:  178:    ASSERT_EQ(resultado, -1);
        -:  179:}
------------------
_ZN35VerificarJogoTest_EmAndamento2_TestC2Ev:
        1:  170:TEST(VerificarJogoTest, EmAndamento2) {
------------------
_ZN35VerificarJogoTest_EmAndamento2_TestD0Ev:
        1:  170:TEST(VerificarJogoTest, EmAndamento2) {
------------------
_ZN35VerificarJogoTest_EmAndamento2_TestD2Ev:
        1:  170:TEST(VerificarJogoTest, EmAndamento2) {
------------------
_ZN35VerificarJogoTest_EmAndamento2_Test8TestBodyEv:
        1:  170:TEST(VerificarJogoTest, EmAndamento2) {
        1:  171:    jogoVelha andamento2 = {
        -:  172:        {1, 0, 2},
        -:  173:        {0, 2, 1},
        -:  174:        {0, 0, 1}
        -:  175:    };
        1:  176:    int resultado = verificar_jogo(andamento2);
        -:  177:
       1*:  178:    ASSERT_EQ(resultado, -1);
        -:  179:}
------------------
        -:  180:
        4:  181:TEST(VerificarJogoTest, NaoComecou) {
        1:  182:    jogoVelha andamento3 = {
        -:  183:        {0, 0, 0},
        -:  184:        {0, 0, 0},
        -:  185:        {0, 0, 0}
        -:  186:    };
        1:  187:    int resultado = verificar_jogo(andamento3);
        -:  188:
       1*:  189:    ASSERT_EQ(resultado, -1);
        -:  190:}
------------------
_ZN33VerificarJogoTest_NaoComecou_TestC2Ev:
        1:  181:TEST(VerificarJogoTest, NaoComecou) {
------------------
_ZN33VerificarJogoTest_NaoComecou_TestD0Ev:
        1:  181:TEST(VerificarJogoTest, NaoComecou) {
------------------
_ZN33VerificarJogoTest_NaoComecou_TestD2Ev:
        1:  181:TEST(VerificarJogoTest, NaoComecou) {
------------------
_ZN33VerificarJogoTest_NaoComecou_Test8TestBodyEv:
        1:  181:TEST(VerificarJogoTest, NaoComecou) {
        1:  182:    jogoVelha andamento3 = {
        -:  183:        {0, 0, 0},
        -:  184:        {0, 0, 0},
        -:  185:        {0, 0, 0}
        -:  186:    };
        1:  187:    int resultado = verificar_jogo(andamento3);
        -:  188:
       1*:  189:    ASSERT_EQ(resultado, -1);
        -:  190:}
------------------
        -:  191:
        4:  192:TEST(VerificarJogoTest, Empate3) {
        1:  193:    jogoVelha jogo = {
        -:  194:        {1, 2, 1},
        -:  195:        {2, 2, 1},
        -:  196:        {1, 1, 2}
        -:  197:    };
       1*:  198:    ASSERT_EQ(verificar_jogo(jogo), 0);
        -:  199:}
------------------
_ZN30VerificarJogoTest_Empate3_TestC2Ev:
        1:  192:TEST(VerificarJogoTest, Empate3) {
------------------
_ZN30VerificarJogoTest_Empate3_TestD0Ev:
        1:  192:TEST(VerificarJogoTest, Empate3) {
------------------
_ZN30VerificarJogoTest_Empate3_TestD2Ev:
        1:  192:TEST(VerificarJogoTest, Empate3) {
------------------
_ZN30VerificarJogoTest_Empate3_Test8TestBodyEv:
        1:  192:TEST(VerificarJogoTest, Empate3) {
        1:  193:    jogoVelha jogo = {
        -:  194:        {1, 2, 1},
        -:  195:        {2, 2, 1},
        -:  196:        {1, 1, 2}
        -:  197:    };
       1*:  198:    ASSERT_EQ(verificar_jogo(jogo), 0);
        -:  199:}
------------------
        -:  200:
        4:  201:TEST(VerificarJogoTest, Invalido1) {
        1:  202:    jogoVelha jogo = {
        -:  203:        {1, 2, 2},
        -:  204:        {0, 0, 0},
        -:  205:        {0, 0, 0}
        -:  206:    };
       1*:  207:    ASSERT_EQ(verificar_jogo(jogo), -2);
        -:  208:}
------------------
_ZN32VerificarJogoTest_Invalido1_TestC2Ev:
        1:  201:TEST(VerificarJogoTest, Invalido1) {
------------------
_ZN32VerificarJogoTest_Invalido1_TestD0Ev:
        1:  201:TEST(VerificarJogoTest, Invalido1) {
------------------
_ZN32VerificarJogoTest_Invalido1_TestD2Ev:
        1:  201:TEST(VerificarJogoTest, Invalido1) {
------------------
_ZN32VerificarJogoTest_Invalido1_Test8TestBodyEv:
        1:  201:TEST(VerificarJogoTest, Invalido1) {
        1:  202:    jogoVelha jogo = {
        -:  203:        {1, 2, 2},
        -:  204:        {0, 0, 0},
        -:  205:        {0, 0, 0}
        -:  206:    };
       1*:  207:    ASSERT_EQ(verificar_jogo(jogo), -2);
        -:  208:}
------------------
        -:  209:
        4:  210:TEST(VerificarJogoTest, Invalido2) {
        1:  211:    jogoVelha jogo = {
        -:  212:        {2, 1, 0},
        -:  213:        {2, 1, 0},
        -:  214:        {2, 1, 0}
        -:  215:    };
       1*:  216:    ASSERT_EQ(verificar_jogo(jogo), -2);
        -:  217:}
------------------
_ZN32VerificarJogoTest_Invalido2_TestC2Ev:
        1:  210:TEST(VerificarJogoTest, Invalido2) {
------------------
_ZN32VerificarJogoTest_Invalido2_TestD0Ev:
        1:  210:TEST(VerificarJogoTest, Invalido2) {
------------------
_ZN32VerificarJogoTest_Invalido2_TestD2Ev:
        1:  210:TEST(VerificarJogoTest, Invalido2) {
------------------
_ZN32VerificarJogoTest_Invalido2_Test8TestBodyEv:
        1:  210:TEST(VerificarJogoTest, Invalido2) {
        1:  211:    jogoVelha jogo = {
        -:  212:        {2, 1, 0},
        -:  213:        {2, 1, 0},
        -:  214:        {2, 1, 0}
        -:  215:    };
       1*:  216:    ASSERT_EQ(verificar_jogo(jogo), -2);
        -:  217:}
------------------
        4:  218:TEST(VerificarJogoTest, Invalido3) {
        1:  219:    jogoVelha jogo = {
        -:  220:        {2, 2, 2},
        -:  221:        {1, 1, 1},
        -:  222:        {0, 0, 0}
        -:  223:    };
       1*:  224:    ASSERT_EQ(verificar_jogo(jogo), -2);
        -:  225:}
------------------
_ZN32VerificarJogoTest_Invalido3_TestC2Ev:
        1:  218:TEST(VerificarJogoTest, Invalido3) {
------------------
_ZN32VerificarJogoTest_Invalido3_TestD0Ev:
        1:  218:TEST(VerificarJogoTest, Invalido3) {
------------------
_ZN32VerificarJogoTest_Invalido3_TestD2Ev:
        1:  218:TEST(VerificarJogoTest, Invalido3) {
------------------
_ZN32VerificarJogoTest_Invalido3_Test8TestBodyEv:
        1:  218:TEST(VerificarJogoTest, Invalido3) {
        1:  219:    jogoVelha jogo = {
        -:  220:        {2, 2, 2},
        -:  221:        {1, 1, 1},
        -:  222:        {0, 0, 0}
        -:  223:    };
       1*:  224:    ASSERT_EQ(verificar_jogo(jogo), -2);
        -:  225:}
------------------
        -:  226:
        4:  227:TEST(VerificarJogoTest, Invalido4) {
        1:  228:    jogoVelha jogo = {
        -:  229:        {2, 1, 0},
        -:  230:        {2, 1, 0},
        -:  231:        {1, 2, 2}
        -:  232:    };
       1*:  233:    ASSERT_EQ(verificar_jogo(jogo), -2);
        -:  234:}
------------------
_ZN32VerificarJogoTest_Invalido4_TestC2Ev:
        1:  227:TEST(VerificarJogoTest, Invalido4) {
------------------
_ZN32VerificarJogoTest_Invalido4_TestD0Ev:
        1:  227:TEST(VerificarJogoTest, Invalido4) {
------------------
_ZN32VerificarJogoTest_Invalido4_TestD2Ev:
        1:  227:TEST(VerificarJogoTest, Invalido4) {
------------------
_ZN32VerificarJogoTest_Invalido4_Test8TestBodyEv:
        1:  227:TEST(VerificarJogoTest, Invalido4) {
        1:  228:    jogoVelha jogo = {
        -:  229:        {2, 1, 0},
        -:  230:        {2, 1, 0},
        -:  231:        {1, 2, 2}
        -:  232:    };
       1*:  233:    ASSERT_EQ(verificar_jogo(jogo), -2);
        -:  234:}
------------------
        -:  235:
        4:  236:TEST(VerificarJogoTest, InvalidoMaisDe5JogadasX) {
        1:  237:    jogoVelha jogo = {
        -:  238:        {1, 1, 1},
        -:  239:        {1, 1, 1},
        -:  240:        {0, 0, 0}
        -:  241:    };
       1*:  242:    ASSERT_EQ(verificar_jogo(jogo), -2);
        -:  243:}
------------------
_ZN46VerificarJogoTest_InvalidoMaisDe5JogadasX_TestC2Ev:
        1:  236:TEST(VerificarJogoTest, InvalidoMaisDe5JogadasX) {
------------------
_ZN46VerificarJogoTest_InvalidoMaisDe5JogadasX_TestD0Ev:
        1:  236:TEST(VerificarJogoTest, InvalidoMaisDe5JogadasX) {
------------------
_ZN46VerificarJogoTest_InvalidoMaisDe5JogadasX_TestD2Ev:
        1:  236:TEST(VerificarJogoTest, InvalidoMaisDe5JogadasX) {
------------------
_ZN46VerificarJogoTest_InvalidoMaisDe5JogadasX_Test8TestBodyEv:
        1:  236:TEST(VerificarJogoTest, InvalidoMaisDe5JogadasX) {
        1:  237:    jogoVelha jogo = {
        -:  238:        {1, 1, 1},
        -:  239:        {1, 1, 1},
        -:  240:        {0, 0, 0}
        -:  241:    };
       1*:  242:    ASSERT_EQ(verificar_jogo(jogo), -2);
        -:  243:}
------------------
        -:  244:
        4:  245:TEST(VerificarJogoTest, InvalidoMaisDe5JogadasO) {
        1:  246:    jogoVelha jogo = {
        -:  247:        {2, 2, 2},
        -:  248:        {2, 2, 2},
        -:  249:        {0, 0, 0}
        -:  250:    };
       1*:  251:    ASSERT_EQ(verificar_jogo(jogo), -2);
        -:  252:}
------------------
_ZN46VerificarJogoTest_InvalidoMaisDe5JogadasO_TestC2Ev:
        1:  245:TEST(VerificarJogoTest, InvalidoMaisDe5JogadasO) {
------------------
_ZN46VerificarJogoTest_InvalidoMaisDe5JogadasO_TestD0Ev:
        1:  245:TEST(VerificarJogoTest, InvalidoMaisDe5JogadasO) {
------------------
_ZN46VerificarJogoTest_InvalidoMaisDe5JogadasO_TestD2Ev:
        1:  245:TEST(VerificarJogoTest, InvalidoMaisDe5JogadasO) {
------------------
_ZN46VerificarJogoTest_InvalidoMaisDe5JogadasO_Test8TestBodyEv:
        1:  245:TEST(VerificarJogoTest, InvalidoMaisDe5JogadasO) {
        1:  246:    jogoVelha jogo = {
        -:  247:        {2, 2, 2},
        -:  248:        {2, 2, 2},
        -:  249:        {0, 0, 0}
        -:  250:    };
       1*:  251:    ASSERT_EQ(verificar_jogo(jogo), -2);
        -:  252:}
------------------
        -:  253:
        4:  254:TEST(VerificarJogoTest, InvalidoOJogouMaisQueX) {
        1:  255:    jogoVelha jogo = {
        -:  256:        {2, 2, 0},
        -:  257:        {1, 2, 0},
        -:  258:        {1, 0, 0}
        -:  259:    };
       1*:  260:    ASSERT_EQ(verificar_jogo(jogo), -2);
        -:  261:}
------------------
_ZN45VerificarJogoTest_InvalidoOJogouMaisQueX_TestC2Ev:
        1:  254:TEST(VerificarJogoTest, InvalidoOJogouMaisQueX) {
------------------
_ZN45VerificarJogoTest_InvalidoOJogouMaisQueX_TestD0Ev:
        1:  254:TEST(VerificarJogoTest, InvalidoOJogouMaisQueX) {
------------------
_ZN45VerificarJogoTest_InvalidoOJogouMaisQueX_TestD2Ev:
        1:  254:TEST(VerificarJogoTest, InvalidoOJogouMaisQueX) {
------------------
_ZN45VerificarJogoTest_InvalidoOJogouMaisQueX_Test8TestBodyEv:
        1:  254:TEST(VerificarJogoTest, InvalidoOJogouMaisQueX) {
        1:  255:    jogoVelha jogo = {
        -:  256:        {2, 2, 0},
        -:  257:        {1, 2, 0},
        -:  258:        {1, 0, 0}
        -:  259:    };
       1*:  260:    ASSERT_EQ(verificar_jogo(jogo), -2);
        -:  261:}
------------------
        -:  262:
        4:  263:TEST(VerificarJogoTest, InvalidoDiferencaTurnoMaiorQue1) {
        1:  264:    jogoVelha jogo = {
        -:  265:        {1, 1, 1},
        -:  266:        {1, 2, 0},
        -:  267:        {0, 0, 0}
        -:  268:    };
       1*:  269:    ASSERT_EQ(verificar_jogo(jogo), -2);
        -:  270:}
------------------
_ZN54VerificarJogoTest_InvalidoDiferencaTurnoMaiorQue1_TestC2Ev:
        1:  263:TEST(VerificarJogoTest, InvalidoDiferencaTurnoMaiorQue1) {
------------------
_ZN54VerificarJogoTest_InvalidoDiferencaTurnoMaiorQue1_TestD0Ev:
        1:  263:TEST(VerificarJogoTest, InvalidoDiferencaTurnoMaiorQue1) {
------------------
_ZN54VerificarJogoTest_InvalidoDiferencaTurnoMaiorQue1_TestD2Ev:
        1:  263:TEST(VerificarJogoTest, InvalidoDiferencaTurnoMaiorQue1) {
------------------
_ZN54VerificarJogoTest_InvalidoDiferencaTurnoMaiorQue1_Test8TestBodyEv:
        1:  263:TEST(VerificarJogoTest, InvalidoDiferencaTurnoMaiorQue1) {
        1:  264:    jogoVelha jogo = {
        -:  265:        {1, 1, 1},
        -:  266:        {1, 2, 0},
        -:  267:        {0, 0, 0}
        -:  268:    };
       1*:  269:    ASSERT_EQ(verificar_jogo(jogo), -2);
        -:  270:}
------------------
        4:  271:TEST(VerificarJogoTest, InvalidoXVenceuComContagemErrada) {
        1:  272:    jogoVelha jogo = {
        -:  273:        {1, 1, 1},
        -:  274:        {2, 0, 0},
        -:  275:        {0, 0, 0}
        -:  276:    };
       1*:  277:    ASSERT_EQ(verificar_jogo(jogo), -2);
        -:  278:}
------------------
_ZN55VerificarJogoTest_InvalidoXVenceuComContagemErrada_TestC2Ev:
        1:  271:TEST(VerificarJogoTest, InvalidoXVenceuComContagemErrada) {
------------------
_ZN55VerificarJogoTest_InvalidoXVenceuComContagemErrada_TestD0Ev:
        1:  271:TEST(VerificarJogoTest, InvalidoXVenceuComContagemErrada) {
------------------
_ZN55VerificarJogoTest_InvalidoXVenceuComContagemErrada_TestD2Ev:
        1:  271:TEST(VerificarJogoTest, InvalidoXVenceuComContagemErrada) {
------------------
_ZN55VerificarJogoTest_InvalidoXVenceuComContagemErrada_Test8TestBodyEv:
        1:  271:TEST(VerificarJogoTest, InvalidoXVenceuComContagemErrada) {
        1:  272:    jogoVelha jogo = {
        -:  273:        {1, 1, 1},
        -:  274:        {2, 0, 0},
        -:  275:        {0, 0, 0}
        -:  276:    };
       1*:  277:    ASSERT_EQ(verificar_jogo(jogo), -2);
        -:  278:}
------------------
        -:  279:
        4:  280:TEST(VerificarJogoTest, InvalidoOVenceuComContagemErrada) {
        1:  281:    jogoVelha jogo = {
        -:  282:        {2, 1, 1},
        -:  283:        {1, 2, 1},
        -:  284:        {1, 0, 2}
        -:  285:    };
       1*:  286:    ASSERT_EQ(verificar_jogo(jogo), -2);
        -:  287:}
------------------
_ZN55VerificarJogoTest_InvalidoOVenceuComContagemErrada_TestC2Ev:
        1:  280:TEST(VerificarJogoTest, InvalidoOVenceuComContagemErrada) {
------------------
_ZN55VerificarJogoTest_InvalidoOVenceuComContagemErrada_TestD0Ev:
        1:  280:TEST(VerificarJogoTest, InvalidoOVenceuComContagemErrada) {
------------------
_ZN55VerificarJogoTest_InvalidoOVenceuComContagemErrada_TestD2Ev:
        1:  280:TEST(VerificarJogoTest, InvalidoOVenceuComContagemErrada) {
------------------
_ZN55VerificarJogoTest_InvalidoOVenceuComContagemErrada_Test8TestBodyEv:
        1:  280:TEST(VerificarJogoTest, InvalidoOVenceuComContagemErrada) {
        1:  281:    jogoVelha jogo = {
        -:  282:        {2, 1, 1},
        -:  283:        {1, 2, 1},
        -:  284:        {1, 0, 2}
        -:  285:    };
       1*:  286:    ASSERT_EQ(verificar_jogo(jogo), -2);
        -:  287:}
------------------
        -:  288:
        4:  289:TEST(VerificarJogoTest, InvalidoXGanhouDuasVezes) {
        1:  290:    jogoVelha jogo = {
        -:  291:        {1, 1, 1},
        -:  292:        {1, 2, 2},
        -:  293:        {1, 0, 0}
        -:  294:    };
       1*:  295:    ASSERT_EQ(verificar_jogo(jogo), -2);
        -:  296:}
------------------
_ZN47VerificarJogoTest_InvalidoXGanhouDuasVezes_TestC2Ev:
        1:  289:TEST(VerificarJogoTest, InvalidoXGanhouDuasVezes) {
------------------
_ZN47VerificarJogoTest_InvalidoXGanhouDuasVezes_TestD0Ev:
        1:  289:TEST(VerificarJogoTest, InvalidoXGanhouDuasVezes) {
------------------
_ZN47VerificarJogoTest_InvalidoXGanhouDuasVezes_TestD2Ev:
        1:  289:TEST(VerificarJogoTest, InvalidoXGanhouDuasVezes) {
------------------
_ZN47VerificarJogoTest_InvalidoXGanhouDuasVezes_Test8TestBodyEv:
        1:  289:TEST(VerificarJogoTest, InvalidoXGanhouDuasVezes) {
        1:  290:    jogoVelha jogo = {
        -:  291:        {1, 1, 1},
        -:  292:        {1, 2, 2},
        -:  293:        {1, 0, 0}
        -:  294:    };
       1*:  295:    ASSERT_EQ(verificar_jogo(jogo), -2);
        -:  296:}
------------------
        -:  297:
        4:  298:TEST(VerificarJogoTest, InvalidoOGanhouDuasVezes) {
        1:  299:    jogoVelha jogo = {
        -:  300:        {2, 2, 2},
        -:  301:        {2, 1, 1},
        -:  302:        {2, 0, 0}
        -:  303:    };
       1*:  304:    ASSERT_EQ(verificar_jogo(jogo), -2);
        -:  305:}
------------------
_ZN47VerificarJogoTest_InvalidoOGanhouDuasVezes_TestC2Ev:
        1:  298:TEST(VerificarJogoTest, InvalidoOGanhouDuasVezes) {
------------------
_ZN47VerificarJogoTest_InvalidoOGanhouDuasVezes_TestD0Ev:
        1:  298:TEST(VerificarJogoTest, InvalidoOGanhouDuasVezes) {
------------------
_ZN47VerificarJogoTest_InvalidoOGanhouDuasVezes_TestD2Ev:
        1:  298:TEST(VerificarJogoTest, InvalidoOGanhouDuasVezes) {
------------------
_ZN47VerificarJogoTest_InvalidoOGanhouDuasVezes_Test8TestBodyEv:
        1:  298:TEST(VerificarJogoTest, InvalidoOGanhouDuasVezes) {
        1:  299:    jogoVelha jogo = {
        -:  300:        {2, 2, 2},
        -:  301:        {2, 1, 1},
        -:  302:        {2, 0, 0}
        -:  303:    };
       1*:  304:    ASSERT_EQ(verificar_jogo(jogo), -2);
        -:  305:}
------------------
        -:  306:
        4:  307:TEST(VerificarJogoTest, XVenceCom5JogadasXEOCom4) {
        1:  308:    jogoVelha jogo = {
        -:  309:        {1, 1, 1},
        -:  310:        {2, 2, 0},
        -:  311:        {0, 0, 0}
        -:  312:    };
       1*:  313:    ASSERT_EQ(verificar_jogo(jogo), 1);
        -:  314:}
------------------
_ZN47VerificarJogoTest_XVenceCom5JogadasXEOCom4_TestC2Ev:
        1:  307:TEST(VerificarJogoTest, XVenceCom5JogadasXEOCom4) {
------------------
_ZN47VerificarJogoTest_XVenceCom5JogadasXEOCom4_TestD0Ev:
        1:  307:TEST(VerificarJogoTest, XVenceCom5JogadasXEOCom4) {
------------------
_ZN47VerificarJogoTest_XVenceCom5JogadasXEOCom4_TestD2Ev:
        1:  307:TEST(VerificarJogoTest, XVenceCom5JogadasXEOCom4) {
------------------
_ZN47VerificarJogoTest_XVenceCom5JogadasXEOCom4_Test8TestBodyEv:
        1:  307:TEST(VerificarJogoTest, XVenceCom5JogadasXEOCom4) {
        1:  308:    jogoVelha jogo = {
        -:  309:        {1, 1, 1},
        -:  310:        {2, 2, 0},
        -:  311:        {0, 0, 0}
        -:  312:    };
       1*:  313:    ASSERT_EQ(verificar_jogo(jogo), 1);
        -:  314:}
------------------
        -:  315:
        4:  316:TEST(VerificarJogoTest, OVenceComContagemInValida) {
        1:  317:    jogoVelha jogo = {
        -:  318:        {2, 2, 2},
        -:  319:        {1, 1, 0},
        -:  320:        {0, 0, 0}
        -:  321:    };
       1*:  322:    ASSERT_EQ(verificar_jogo(jogo), -2);
        -:  323:}
------------------
_ZN48VerificarJogoTest_OVenceComContagemInValida_TestC2Ev:
        1:  316:TEST(VerificarJogoTest, OVenceComContagemInValida) {
------------------
_ZN48VerificarJogoTest_OVenceComContagemInValida_TestD0Ev:
        1:  316:TEST(VerificarJogoTest, OVenceComContagemInValida) {
------------------
_ZN48VerificarJogoTest_OVenceComContagemInValida_TestD2Ev:
        1:  316:TEST(VerificarJogoTest, OVenceComContagemInValida) {
------------------
_ZN48VerificarJogoTest_OVenceComContagemInValida_Test8TestBodyEv:
        1:  316:TEST(VerificarJogoTest, OVenceComContagemInValida) {
        1:  317:    jogoVelha jogo = {
        -:  318:        {2, 2, 2},
        -:  319:        {1, 1, 0},
        -:  320:        {0, 0, 0}
        -:  321:    };
       1*:  322:    ASSERT_EQ(verificar_jogo(jogo), -2);
        -:  323:}
------------------
        -:  324:
        4:  325:TEST(VerificarJogoTest, OVenceComContagemValida) {
        1:  326:    jogoVelha jogo = {
        -:  327:        {2, 2, 2},
        -:  328:        {1, 1, 0},
        -:  329:        {1, 1, 0}
        -:  330:    };
       1*:  331:    ASSERT_EQ(verificar_jogo(jogo), 2);
        -:  332:}
------------------
_ZN46VerificarJogoTest_OVenceComContagemValida_TestC2Ev:
        1:  325:TEST(VerificarJogoTest, OVenceComContagemValida) {
------------------
_ZN46VerificarJogoTest_OVenceComContagemValida_TestD0Ev:
        1:  325:TEST(VerificarJogoTest, OVenceComContagemValida) {
------------------
_ZN46VerificarJogoTest_OVenceComContagemValida_TestD2Ev:
        1:  325:TEST(VerificarJogoTest, OVenceComContagemValida) {
------------------
_ZN46VerificarJogoTest_OVenceComContagemValida_Test8TestBodyEv:
        1:  325:TEST(VerificarJogoTest, OVenceComContagemValida) {
        1:  326:    jogoVelha jogo = {
        -:  327:        {2, 2, 2},
        -:  328:        {1, 1, 0},
        -:  329:        {1, 1, 0}
        -:  330:    };
       1*:  331:    ASSERT_EQ(verificar_jogo(jogo), 2);
        -:  332:}
------------------
        -:  333:
        4:  334:TEST(VerificarJogoTest, XGanhaDiagonalSecundaria) {
        1:  335:    jogoVelha jogo = {
        -:  336:        {2, 0, 1},
        -:  337:        {0, 1, 2},
        -:  338:        {1, 0, 0}
        -:  339:    };
       1*:  340:    ASSERT_EQ(verificar_jogo(jogo), 1);
        -:  341:}
------------------
_ZN47VerificarJogoTest_XGanhaDiagonalSecundaria_TestC2Ev:
        1:  334:TEST(VerificarJogoTest, XGanhaDiagonalSecundaria) {
------------------
_ZN47VerificarJogoTest_XGanhaDiagonalSecundaria_TestD0Ev:
        1:  334:TEST(VerificarJogoTest, XGanhaDiagonalSecundaria) {
------------------
_ZN47VerificarJogoTest_XGanhaDiagonalSecundaria_TestD2Ev:
        1:  334:TEST(VerificarJogoTest, XGanhaDiagonalSecundaria) {
------------------
_ZN47VerificarJogoTest_XGanhaDiagonalSecundaria_Test8TestBodyEv:
        1:  334:TEST(VerificarJogoTest, XGanhaDiagonalSecundaria) {
        1:  335:    jogoVelha jogo = {
        -:  336:        {2, 0, 1},
        -:  337:        {0, 1, 2},
        -:  338:        {1, 0, 0}
        -:  339:    };
       1*:  340:    ASSERT_EQ(verificar_jogo(jogo), 1);
        -:  341:}
------------------
        -:  342:
        4:  343:TEST(VerificarJogoTest, EmpateAlternado) {
        1:  344:    jogoVelha jogo = {
        -:  345:        {1, 2, 2},
        -:  346:        {2, 1, 1},
        -:  347:        {1, 1, 2}
        -:  348:    };
       1*:  349:    ASSERT_EQ(verificar_jogo(jogo), 0);
        -:  350:}
------------------
_ZN38VerificarJogoTest_EmpateAlternado_TestC2Ev:
        1:  343:TEST(VerificarJogoTest, EmpateAlternado) {
------------------
_ZN38VerificarJogoTest_EmpateAlternado_TestD0Ev:
        1:  343:TEST(VerificarJogoTest, EmpateAlternado) {
------------------
_ZN38VerificarJogoTest_EmpateAlternado_TestD2Ev:
        1:  343:TEST(VerificarJogoTest, EmpateAlternado) {
------------------
_ZN38VerificarJogoTest_EmpateAlternado_Test8TestBodyEv:
        1:  343:TEST(VerificarJogoTest, EmpateAlternado) {
        1:  344:    jogoVelha jogo = {
        -:  345:        {1, 2, 2},
        -:  346:        {2, 1, 1},
        -:  347:        {1, 1, 2}
        -:  348:    };
       1*:  349:    ASSERT_EQ(verificar_jogo(jogo), 0);
        -:  350:}
------------------
        -:  351:
        4:  352:TEST(VerificarJogoTest, EmAndamentoCom8Jogadas) {
        1:  353:    jogoVelha jogo = {
        -:  354:        {1, 2, 1},
        -:  355:        {2, 1, 2},
        -:  356:        {2, 1, 0}
        -:  357:    };
       1*:  358:    ASSERT_EQ(verificar_jogo(jogo), -1);
        -:  359:}
------------------
_ZN45VerificarJogoTest_EmAndamentoCom8Jogadas_TestC2Ev:
        1:  352:TEST(VerificarJogoTest, EmAndamentoCom8Jogadas) {
------------------
_ZN45VerificarJogoTest_EmAndamentoCom8Jogadas_TestD0Ev:
        1:  352:TEST(VerificarJogoTest, EmAndamentoCom8Jogadas) {
------------------
_ZN45VerificarJogoTest_EmAndamentoCom8Jogadas_TestD2Ev:
        1:  352:TEST(VerificarJogoTest, EmAndamentoCom8Jogadas) {
------------------
_ZN45VerificarJogoTest_EmAndamentoCom8Jogadas_Test8TestBodyEv:
        1:  352:TEST(VerificarJogoTest, EmAndamentoCom8Jogadas) {
        1:  353:    jogoVelha jogo = {
        -:  354:        {1, 2, 1},
        -:  355:        {2, 1, 2},
        -:  356:        {2, 1, 0}
        -:  357:    };
       1*:  358:    ASSERT_EQ(verificar_jogo(jogo), -1);
        -:  359:}
------------------
        -:  360:
        -:  361:
        4:  362:TEST(TesteVerificarJogo, EmpateComEX) {
        1:  363:    jogoVelha jogo = {
        -:  364:        {1, 2, 1},
        -:  365:        {1, 2, 2},
        -:  366:        {2, 1, 1}
        -:  367:    };
       1*:  368:    EXPECT_EQ(verificar_jogo(jogo), 0);
        1:  369:}
------------------
_ZN35TesteVerificarJogo_EmpateComEX_TestC2Ev:
        1:  362:TEST(TesteVerificarJogo, EmpateComEX) {
------------------
_ZN35TesteVerificarJogo_EmpateComEX_TestD0Ev:
        1:  362:TEST(TesteVerificarJogo, EmpateComEX) {
------------------
_ZN35TesteVerificarJogo_EmpateComEX_TestD2Ev:
        1:  362:TEST(TesteVerificarJogo, EmpateComEX) {
------------------
_ZN35TesteVerificarJogo_EmpateComEX_Test8TestBodyEv:
        1:  362:TEST(TesteVerificarJogo, EmpateComEX) {
        1:  363:    jogoVelha jogo = {
        -:  364:        {1, 2, 1},
        -:  365:        {1, 2, 2},
        -:  366:        {2, 1, 1}
        -:  367:    };
       1*:  368:    EXPECT_EQ(verificar_jogo(jogo), 0);
        1:  369:}
------------------
        -:  370:
        4:  371:TEST(TesteVerificarJogo, VitoriaX) {
        1:  372:    jogoVelha jogo = {
        -:  373:        {1, 1, 1},
        -:  374:        {2, 2, 0},
        -:  375:        {0, 0, 0}
        -:  376:    };
       1*:  377:    EXPECT_EQ(verificar_jogo(jogo), 1);
        1:  378:}
------------------
_ZN32TesteVerificarJogo_VitoriaX_TestC2Ev:
        1:  371:TEST(TesteVerificarJogo, VitoriaX) {
------------------
_ZN32TesteVerificarJogo_VitoriaX_TestD0Ev:
        1:  371:TEST(TesteVerificarJogo, VitoriaX) {
------------------
_ZN32TesteVerificarJogo_VitoriaX_TestD2Ev:
        1:  371:TEST(TesteVerificarJogo, VitoriaX) {
------------------
_ZN32TesteVerificarJogo_VitoriaX_Test8TestBodyEv:
        1:  371:TEST(TesteVerificarJogo, VitoriaX) {
        1:  372:    jogoVelha jogo = {
        -:  373:        {1, 1, 1},
        -:  374:        {2, 2, 0},
        -:  375:        {0, 0, 0}
        -:  376:    };
       1*:  377:    EXPECT_EQ(verificar_jogo(jogo), 1);
        1:  378:}
------------------
        -:  379:
        4:  380:TEST(TesteVerificarJogo, VitoriaO) {
        1:  381:    jogoVelha jogo = {
        -:  382:        {2, 1, 1},
        -:  383:        {2, 1, 0},
        -:  384:        {2, 0, 0}
        -:  385:    };
       1*:  386:    EXPECT_EQ(verificar_jogo(jogo), 2);
        1:  387:}
------------------
_ZN32TesteVerificarJogo_VitoriaO_TestC2Ev:
        1:  380:TEST(TesteVerificarJogo, VitoriaO) {
------------------
_ZN32TesteVerificarJogo_VitoriaO_TestD0Ev:
        1:  380:TEST(TesteVerificarJogo, VitoriaO) {
------------------
_ZN32TesteVerificarJogo_VitoriaO_TestD2Ev:
        1:  380:TEST(TesteVerificarJogo, VitoriaO) {
------------------
_ZN32TesteVerificarJogo_VitoriaO_Test8TestBodyEv:
        1:  380:TEST(TesteVerificarJogo, VitoriaO) {
        1:  381:    jogoVelha jogo = {
        -:  382:        {2, 1, 1},
        -:  383:        {2, 1, 0},
        -:  384:        {2, 0, 0}
        -:  385:    };
       1*:  386:    EXPECT_EQ(verificar_jogo(jogo), 2);
        1:  387:}
------------------
        -:  388:
        4:  389:TEST(TesteVerificarJogo, EmAndamento) {
        1:  390:    jogoVelha jogo = {
        -:  391:        {1, 2, 1},
        -:  392:        {2, 0, 1},
        -:  393:        {1, 0, 2}
        -:  394:    };
       1*:  395:    EXPECT_EQ(verificar_jogo(jogo), -1);
        1:  396:}
------------------
_ZN35TesteVerificarJogo_EmAndamento_TestC2Ev:
        1:  389:TEST(TesteVerificarJogo, EmAndamento) {
------------------
_ZN35TesteVerificarJogo_EmAndamento_TestD0Ev:
        1:  389:TEST(TesteVerificarJogo, EmAndamento) {
------------------
_ZN35TesteVerificarJogo_EmAndamento_TestD2Ev:
        1:  389:TEST(TesteVerificarJogo, EmAndamento) {
------------------
_ZN35TesteVerificarJogo_EmAndamento_Test8TestBodyEv:
        1:  389:TEST(TesteVerificarJogo, EmAndamento) {
        1:  390:    jogoVelha jogo = {
        -:  391:        {1, 2, 1},
        -:  392:        {2, 0, 1},
        -:  393:        {1, 0, 2}
        -:  394:    };
       1*:  395:    EXPECT_EQ(verificar_jogo(jogo), -1);
        1:  396:}
------------------
        -:  397:
        4:  398:TEST(TesteVerificarJogo, Invalido) {
        1:  399:    jogoVelha jogo = {
        -:  400:        {1, 1, 1},
        -:  401:        {1, 1, 1},
        -:  402:        {2, 2, 2}
        -:  403:    };
       1*:  404:    EXPECT_EQ(verificar_jogo(jogo), -2);
        1:  405:}
------------------
_ZN32TesteVerificarJogo_Invalido_TestC2Ev:
        1:  398:TEST(TesteVerificarJogo, Invalido) {
------------------
_ZN32TesteVerificarJogo_Invalido_TestD0Ev:
        1:  398:TEST(TesteVerificarJogo, Invalido) {
------------------
_ZN32TesteVerificarJogo_Invalido_TestD2Ev:
        1:  398:TEST(TesteVerificarJogo, Invalido) {
------------------
_ZN32TesteVerificarJogo_Invalido_Test8TestBodyEv:
        1:  398:TEST(TesteVerificarJogo, Invalido) {
        1:  399:    jogoVelha jogo = {
        -:  400:        {1, 1, 1},
        -:  401:        {1, 1, 1},
        -:  402:        {2, 2, 2}
        -:  403:    };
       1*:  404:    EXPECT_EQ(verificar_jogo(jogo), -2);
        1:  405:}
------------------
        -:  406:
        4:  407:TEST(TesteVerificarJogo, EmAndamento2Ex) {
        1:  408:    jogoVelha jogo = {
        -:  409:        {1, 2, 1},
        -:  410:        {2, 0, 0},
        -:  411:        {1, 0, 0}
        -:  412:    };
       1*:  413:    EXPECT_EQ(verificar_jogo(jogo), -1);
        1:  414:}
------------------
_ZN38TesteVerificarJogo_EmAndamento2Ex_TestC2Ev:
        1:  407:TEST(TesteVerificarJogo, EmAndamento2Ex) {
------------------
_ZN38TesteVerificarJogo_EmAndamento2Ex_TestD0Ev:
        1:  407:TEST(TesteVerificarJogo, EmAndamento2Ex) {
------------------
_ZN38TesteVerificarJogo_EmAndamento2Ex_TestD2Ev:
        1:  407:TEST(TesteVerificarJogo, EmAndamento2Ex) {
------------------
_ZN38TesteVerificarJogo_EmAndamento2Ex_Test8TestBodyEv:
        1:  407:TEST(TesteVerificarJogo, EmAndamento2Ex) {
        1:  408:    jogoVelha jogo = {
        -:  409:        {1, 2, 1},
        -:  410:        {2, 0, 0},
        -:  411:        {1, 0, 0}
        -:  412:    };
       1*:  413:    EXPECT_EQ(verificar_jogo(jogo), -1);
        1:  414:}
------------------
        -:  415:
        4:  416:TEST(TesteVerificarJogo, EmAndamento3Ex) {
        1:  417:    jogoVelha jogo = {
        -:  418:        {1, 2, 0},
        -:  419:        {2, 0, 0},
        -:  420:        {1, 0, 0}
        -:  421:    };
       1*:  422:    EXPECT_EQ(verificar_jogo(jogo), -1);
        1:  423:}
------------------
_ZN38TesteVerificarJogo_EmAndamento3Ex_TestC2Ev:
        1:  416:TEST(TesteVerificarJogo, EmAndamento3Ex) {
------------------
_ZN38TesteVerificarJogo_EmAndamento3Ex_TestD0Ev:
        1:  416:TEST(TesteVerificarJogo, EmAndamento3Ex) {
------------------
_ZN38TesteVerificarJogo_EmAndamento3Ex_TestD2Ev:
        1:  416:TEST(TesteVerificarJogo, EmAndamento3Ex) {
------------------
_ZN38TesteVerificarJogo_EmAndamento3Ex_Test8TestBodyEv:
        1:  416:TEST(TesteVerificarJogo, EmAndamento3Ex) {
        1:  417:    jogoVelha jogo = {
        -:  418:        {1, 2, 0},
        -:  419:        {2, 0, 0},
        -:  420:        {1, 0, 0}
        -:  421:    };
       1*:  422:    EXPECT_EQ(verificar_jogo(jogo), -1);
        1:  423:}
------------------
        -:  424:
        4:  425:TEST(TesteVerificarJogo, InvalidoEx2) {
        1:  426:    jogoVelha jogo = {
        -:  427:        {1, 1, 1},
        -:  428:        {2, 2, 2},
        -:  429:        {2, 2, 2}
        -:  430:    };
       1*:  431:    EXPECT_EQ(verificar_jogo(jogo), -2);
        1:  432:}
------------------
_ZN35TesteVerificarJogo_InvalidoEx2_TestC2Ev:
        1:  425:TEST(TesteVerificarJogo, InvalidoEx2) {
------------------
_ZN35TesteVerificarJogo_InvalidoEx2_TestD0Ev:
        1:  425:TEST(TesteVerificarJogo, InvalidoEx2) {
------------------
_ZN35TesteVerificarJogo_InvalidoEx2_TestD2Ev:
        1:  425:TEST(TesteVerificarJogo, InvalidoEx2) {
------------------
_ZN35TesteVerificarJogo_InvalidoEx2_Test8TestBodyEv:
        1:  425:TEST(TesteVerificarJogo, InvalidoEx2) {
        1:  426:    jogoVelha jogo = {
        -:  427:        {1, 1, 1},
        -:  428:        {2, 2, 2},
        -:  429:        {2, 2, 2}
        -:  430:    };
       1*:  431:    EXPECT_EQ(verificar_jogo(jogo), -2);
        1:  432:}
------------------
        -:  433:
        1:  434:int main(int argc, char **argv) {
        1:  435:    ::testing::InitGoogleTest(&argc, argv); // Inicializa o GTest
        1:  436:    return RUN_ALL_TESTS();                // Executa todos os testes
        -:  437:}
