        -:    0:Source:velha.cpp
        -:    0:Graph:velha.gcno
        -:    0:Data:velha.gcda
        -:    0:Runs:7
        -:    1:#include "velha.hpp"
        -:    2:#include <cmath>
        -:    3:
      260:    4:int verificar_jogo(jogoVelha jogo){
        -:    5:    /**
        -:    6:     * Percorre a matriz 3x3 para cada estado de jogo.
        -:    7:     * 0 vazio, 1 X, 2 O
        -:    8:    */
        -:    9:
      260:   10:    int count_x = 0, count_o = 0;
        -:   11:
     1040:   12:    for(int i = 0; i < 3; i++) {
     3120:   13:        for (int j = 0; j < 3; j++){
     2340:   14:            if (jogo[i][j] == 1) count_x++;
     1451:   15:            else if (jogo[i][j] == 2) count_o++;
        -:   16:        }
        -:   17:    }
        -:   18:
        -:   19:    /**
        -:   20:     * Se um jogador inseriu O ou X em mais de 5 posições as regras foram violadas: retorna -2
        -:   21:    */
      260:   22:    if (count_x > 5 || count_o > 5) return -2;
        -:   23:
        -:   24:    /** 
        -:   25:     * A diferença entre o número de Xs e Os não pode ser maior que 1
        -:   26:     * O não pode ter mais peças que X (X começa a partida)
        -:   27:    */
      230:   28:    if (count_o > count_x || std::abs(count_x - count_o) > 1) return -2;
        -:   29:
        -:   30:
        -:   31:    /// Condicoes para ganhar
      153:   32:    int x_ganha = 0, o_ganha = 0;
        -:   33:
        -:   34:    /// Linhas 
      612:   35:    for (int i = 0; i < 3; i++){
      459:   36:        if (jogo[i][0] == 1 && jogo[i][1] == 1 && jogo[i][2] == 1) x_ganha++;
      436:   37:        else if (jogo[i][0] == 2 && jogo[i][1] == 2 && jogo[i][2] == 2) o_ganha++;
        -:   38:    }
        -:   39:
        -:   40:    /// Colunas
      612:   41:    for (int j = 0; j < 3; j++){
      459:   42:        if (jogo[0][j] == 1 && jogo[1][j] == 1 && jogo[2][j] == 1) x_ganha++;
      445:   43:        else if (jogo[0][j] == 2 && jogo[1][j] == 2 && jogo[2][j] == 2) o_ganha++;
        -:   44:    }
        -:   45:
        -:   46:    /// Diagonais
      153:   47:    if (jogo[0][0] == 1 && jogo[1][1] == 1 && jogo[2][2] == 1) x_ganha++;
      145:   48:    else if (jogo[0][0] == 2 && jogo[1][1] == 2 && jogo[2][2] == 2) o_ganha++;
      138:   49:    else if (jogo[2][0] == 1 && jogo[1][1] == 1 && jogo[0][2] == 1) x_ganha++;
      124:   50:    else if (jogo[2][0] == 2 && jogo[1][1] == 2 && jogo[0][2] == 2) o_ganha++;
        -:   51:
        -:   52:    /// Nao é possivei os dois ganharem
      153:   53:    if (x_ganha > 0 && o_ganha > 0) return -2;
        -:   54:
      139:   55:    if (x_ganha > 0) {
        -:   56:        /// X só pode vencer se ele tiver uma jogada a mais
       45:   57:        if (count_x == count_o + 1) return 1;
    #####:   58:        else return -2;
        -:   59:    }
        -:   60:
       94:   61:    if (o_ganha > 0) {
        -:   62:        /// O só pode vencer se tiver jogado <= número de vezes que X 
       37:   63:        if (count_o == count_x || count_o == count_x - 1) return 2;
    #####:   64:        else return -2;
        -:   65:    }
        -:   66:
        -:   67:    /// Jogo empatado
       57:   68:    if ((count_x + count_o) == 9) return 0;
        -:   69:
        -:   70:    /// Jogo em andamento
       27:   71:    return -1;
        -:   72:}
